Preprocessing raw data
writing all_data_0.json
writing all_data_1.json
writing all_data_2.json
------------------------------
sampling data
Using seed 1625915142
/gpfs/share/home/2001111336/jc/leaf-mobilenetv2/data/cifar-100/meta
- random seed written out to /gpfs/share/home/2001111336/jc/leaf-mobilenetv2/data/cifar-100/meta/sampling_seed.txt
writing all_data_2_iid_0_0.json
writing all_data_1_iid_0_0.json
writing all_data_0_iid_0_0.json
------------------------------
removing users with less than 0 samples
writing all_data_1_iid_0_0_keep_0.json
writing all_data_2_iid_0_0_keep_0.json
writing all_data_0_iid_0_0_keep_0.json
------------------------------
generating training and test sets
- random seed written out to /gpfs/share/home/2001111336/jc/leaf-mobilenetv2/data/cifar-100/meta/split_seed.txt
splitting data by sample
writing all_data_1_iid_0_0_keep_0_train_9.json
writing all_data_1_iid_0_0_keep_0_test_9.json
writing all_data_2_iid_0_0_keep_0_train_9.json
writing all_data_2_iid_0_0_keep_0_test_9.json
writing all_data_0_iid_0_0_keep_0_train_9.json
writing all_data_0_iid_0_0_keep_0_test_9.json
------------------------------
calculating JSON file checksums
checksums written to meta/dir-checksum.md5
